
osgi> 91   [Start Level Event Dispatcher] INFO  org.eclipse.jetty.util.log.Slf4jLog - Configuring the default jetty server with file:/Users/lukaszjastrzebski/Projects/github/lemac/etc/jetty.xml
184  [Start Level Event Dispatcher] INFO  org.eclipse.jetty.util.log.Slf4jLog - jetty-7.4.0.v20110414
202  [Start Level Event Dispatcher] INFO  org.eclipse.jetty.util.log.Slf4jLog - Opened /Users/lukaszjastrzebski/Projects/github/lemac/logs/2011_05_12.request.log
209  [Start Level Event Dispatcher] INFO  org.eclipse.jetty.util.log.Slf4jLog - Deployment monitor /Users/lukaszjastrzebski/Projects/github/lemac/contexts at interval 5
229  [Start Level Event Dispatcher] INFO  org.eclipse.jetty.util.log.Slf4jLog - Started SelectChannelConnector@0.0.0.0:8080 STARTING
475  [Start Level Event Dispatcher] INFO  org.eclipse.jetty.util.log.Slf4jLog - Started SslSelectChannelConnector@0.0.0.0:8443 STARTING
550  [Start Level Event Dispatcher] INFO  org.eclipse.jetty.util.log.Slf4jLog - Deployable added: org.eclipse.jetty.osgi.httpservice-7.4.0.v20110414/contexts/httpservice.xml
561  [Start Level Event Dispatcher] INFO  org.eclipse.jetty.util.log.Slf4jLog - started o.e.j.s.ServletContextHandler{/,null}
822  [Start Level Event Dispatcher] INFO  org.apache.camel.impl.osgi.Activator - Camel activator starting
892  [Start Level Event Dispatcher] INFO  org.apache.camel.impl.osgi.Activator - Camel activator started
2573 [Start Level Event Dispatcher] INFO  org.apache.camel.impl.DefaultCamelContext - Apache Camel  (CamelContext: 668-camel-2) is starting
2574 [Start Level Event Dispatcher] INFO  org.apache.camel.impl.DefaultCamelContext - JMX enabled. Using ManagedManagementStrategy.
2878 [Start Level Event Dispatcher] INFO  org.apache.camel.impl.osgi.Activator$BundleTypeConverterLoader$Loader - Found 13 @Converter classes to load
2902 [Start Level Event Dispatcher] INFO  org.apache.camel.impl.osgi.Activator$BundleTypeConverterLoader$Loader - Found 2 @Converter classes to load
2944 [Start Level Event Dispatcher] INFO  org.apache.camel.impl.osgi.Activator$BundleTypeConverterLoader$Loader - Found 2 @Converter classes to load
3001 [Start Level Event Dispatcher] INFO  org.apache.camel.impl.DefaultCamelContext - Total 0 routes, of which 0 is started.
3002 [Start Level Event Dispatcher] INFO  org.apache.camel.impl.DefaultCamelContext - Apache Camel  (CamelContext: 668-camel-2) started in 0.428 seconds
3002 [Start Level Event Dispatcher] INFO  com.github.elyast.lemac.core.Activator - Register the servlet service
3006 [Start Level Event Dispatcher] INFO  org.apache.camel.component.servlet.CamelHttpTransportServlet - Initialized CamelHttpTransportServlet[CamelServlet]
3084 [Component Resolve Thread (Bundle 589)] INFO  com.github.elyast.lemac.core.internal.RemoteExportListener - Service com.github.elyast.lemac.client.SimpleService@26b98a06, {com.github.elyast.lemac.client.SimpleSimpleService}={component.name=com.github.elyast.lemac.client, component.id=18, service.exported.interfaces=*, service.id=124}
3129 [Component Resolve Thread (Bundle 589)] INFO  org.springframework.context.support.AbstractApplicationContext - Refreshing org.apache.cxf.bus.spring.BusApplicationContext@6f9bc716: startup date [Thu May 12 16:06:49 CEST 2011]; root of context hierarchy
3191 [Component Resolve Thread (Bundle 589)] INFO  org.springframework.beans.factory.xml.XmlBeanDefinitionReader - Loading XML bean definitions from class path resource [META-INF/cxf/cxf.xml]
May 12, 2011 4:06:49 PM org.apache.cxf.bus.spring.SpringBusFactory createApplicationContext
WARNING: Initial attempt to create application context was unsuccessful.
org.springframework.beans.factory.BeanDefinitionStoreException: IOException parsing XML document from class path resource [META-INF/cxf/cxf.xml]; nested exception is java.io.FileNotFoundException: class path resource [META-INF/cxf/cxf.xml] cannot be opened because it does not exist
	at org.springframework.beans.factory.xml.XmlBeanDefinitionReader.loadBeanDefinitions(XmlBeanDefinitionReader.java:341)
	at org.apache.cxf.bus.spring.ControlledValidationXmlBeanDefinitionReader.loadBeanDefinitions(ControlledValidationXmlBeanDefinitionReader.java:131)
	at org.springframework.beans.factory.xml.XmlBeanDefinitionReader.loadBeanDefinitions(XmlBeanDefinitionReader.java:302)
	at org.springframework.beans.factory.support.AbstractBeanDefinitionReader.loadBeanDefinitions(AbstractBeanDefinitionReader.java:143)
	at org.springframework.context.support.AbstractXmlApplicationContext.loadBeanDefinitions(AbstractXmlApplicationContext.java:122)
	at org.apache.cxf.bus.spring.BusApplicationContext.loadBeanDefinitions(BusApplicationContext.java:262)
	at org.springframework.context.support.AbstractRefreshableApplicationContext.refreshBeanFactory(AbstractRefreshableApplicationContext.java:130)
	at org.springframework.context.support.AbstractApplicationContext.obtainFreshBeanFactory(AbstractApplicationContext.java:467)
	at org.springframework.context.support.AbstractApplicationContext.refresh(AbstractApplicationContext.java:397)
	at org.apache.cxf.bus.spring.BusApplicationContext.<init>(BusApplicationContext.java:91)
	at org.apache.cxf.bus.spring.SpringBusFactory.createApplicationContext(SpringBusFactory.java:102)
	at org.apache.cxf.bus.spring.SpringBusFactory.createBus(SpringBusFactory.java:93)
	at org.apache.cxf.bus.spring.SpringBusFactory.createBus(SpringBusFactory.java:86)
	at org.apache.cxf.bus.spring.SpringBusFactory.createBus(SpringBusFactory.java:64)
	at org.apache.cxf.bus.spring.SpringBusFactory.createBus(SpringBusFactory.java:53)
	at org.apache.camel.component.cxf.cxfbean.CxfBeanEndpoint.init(CxfBeanEndpoint.java:83)
	at org.apache.camel.component.cxf.cxfbean.CxfBeanComponent.createEndpoint(CxfBeanComponent.java:57)
	at org.apache.camel.impl.DefaultComponent.createEndpoint(DefaultComponent.java:75)
	at com.github.elyast.lemac.core.internal.RemoteExportListener.register(RemoteExportListener.java:73)
	at com.github.elyast.lemac.core.internal.RemoteExportListener.serviceChanged(RemoteExportListener.java:56)
	at org.eclipse.osgi.internal.serviceregistry.FilteredServiceListener.serviceChanged(FilteredServiceListener.java:104)
	at org.eclipse.osgi.framework.internal.core.BundleContextImpl.dispatchEvent(BundleContextImpl.java:861)
	at org.eclipse.osgi.framework.eventmgr.EventManager.dispatchEvent(EventManager.java:230)
	at org.eclipse.osgi.framework.eventmgr.ListenerQueue.dispatchEventSynchronous(ListenerQueue.java:148)
	at org.eclipse.osgi.internal.serviceregistry.ServiceRegistry.publishServiceEventPrivileged(ServiceRegistry.java:819)
	at org.eclipse.osgi.internal.serviceregistry.ServiceRegistry.publishServiceEvent(ServiceRegistry.java:771)
	at org.eclipse.osgi.internal.serviceregistry.ServiceRegistrationImpl.register(ServiceRegistrationImpl.java:130)
	at org.eclipse.osgi.internal.serviceregistry.ServiceRegistry.registerService(ServiceRegistry.java:214)
	at org.eclipse.osgi.framework.internal.core.BundleContextImpl.registerService(BundleContextImpl.java:433)
	at org.eclipse.equinox.internal.ds.InstanceProcess.registerService(InstanceProcess.java:504)
	at org.eclipse.equinox.internal.ds.InstanceProcess.buildComponents(InstanceProcess.java:259)
	at org.eclipse.equinox.internal.ds.Resolver.buildNewlySatisfied(Resolver.java:441)
	at org.eclipse.equinox.internal.ds.Resolver.enableComponents(Resolver.java:213)
	at org.eclipse.equinox.internal.ds.SCRManager.performWork(SCRManager.java:800)
	at org.eclipse.equinox.internal.ds.SCRManager$QueuedJob.dispatch(SCRManager.java:767)
	at org.eclipse.equinox.internal.ds.WorkThread.run(WorkThread.java:89)
	at org.eclipse.equinox.internal.util.impl.tpt.threadpool.Executor.run(Executor.java:70)
Caused by: java.io.FileNotFoundException: class path resource [META-INF/cxf/cxf.xml] cannot be opened because it does not exist
	at org.springframework.core.io.ClassPathResource.getInputStream(ClassPathResource.java:158)
	at org.springframework.beans.factory.xml.XmlBeanDefinitionReader.loadBeanDefinitions(XmlBeanDefinitionReader.java:328)
	... 36 more
3196 [Component Resolve Thread (Bundle 589)] INFO  org.springframework.context.support.AbstractApplicationContext - Refreshing org.apache.cxf.bus.spring.BusApplicationContext@71fb68f: startup date [Thu May 12 16:06:49 CEST 2011]; root of context hierarchy
3287 [Component Resolve Thread (Bundle 589)] INFO  org.springframework.beans.factory.support.DefaultListableBeanFactory - Overriding bean definition for bean 'org.apache.cxf.transport.http.policy.HTTPClientAssertionBuilder': replacing [Generic bean: class [org.apache.cxf.transport.http.policy.HTTPClientAssertionBuilder]; scope=; abstract=false; lazyInit=true; autowireMode=0; dependencyCheck=0; autowireCandidate=true; primary=false; factoryBeanName=null; factoryMethodName=null; initMethodName=null; destroyMethodName=null; defined in URL [bundleresource://560.fwk564660841/META-INF/cxf/cxf-extension-http.fixml]] with [Generic bean: class [org.apache.cxf.transport.http.policy.HTTPClientAssertionBuilder]; scope=; abstract=false; lazyInit=true; autowireMode=0; dependencyCheck=0; autowireCandidate=true; primary=false; factoryBeanName=null; factoryMethodName=null; initMethodName=null; destroyMethodName=null; defined in URL [bundleresource://560.fwk564660841/META-INF/cxf/cxf-extension-http.fixml]]
3287 [Component Resolve Thread (Bundle 589)] INFO  org.springframework.beans.factory.support.DefaultListableBeanFactory - Overriding bean definition for bean 'org.apache.cxf.transport.http.policy.HTTPServerAssertionBuilder': replacing [Generic bean: class [org.apache.cxf.transport.http.policy.HTTPServerAssertionBuilder]; scope=; abstract=false; lazyInit=true; autowireMode=0; dependencyCheck=0; autowireCandidate=true; primary=false; factoryBeanName=null; factoryMethodName=null; initMethodName=null; destroyMethodName=null; defined in URL [bundleresource://560.fwk564660841/META-INF/cxf/cxf-extension-http.fixml]] with [Generic bean: class [org.apache.cxf.transport.http.policy.HTTPServerAssertionBuilder]; scope=; abstract=false; lazyInit=true; autowireMode=0; dependencyCheck=0; autowireCandidate=true; primary=false; factoryBeanName=null; factoryMethodName=null; initMethodName=null; destroyMethodName=null; defined in URL [bundleresource://560.fwk564660841/META-INF/cxf/cxf-extension-http.fixml]]
3288 [Component Resolve Thread (Bundle 589)] INFO  org.springframework.beans.factory.support.DefaultListableBeanFactory - Overriding bean definition for bean 'org.apache.cxf.transport.http.policy.NoOpPolicyInterceptorProvider': replacing [Generic bean: class [org.apache.cxf.transport.http.policy.NoOpPolicyInterceptorProvider]; scope=; abstract=false; lazyInit=true; autowireMode=0; dependencyCheck=0; autowireCandidate=true; primary=false; factoryBeanName=null; factoryMethodName=null; initMethodName=null; destroyMethodName=null; defined in URL [bundleresource://560.fwk564660841/META-INF/cxf/cxf-extension-http.fixml]] with [Generic bean: class [org.apache.cxf.transport.http.policy.NoOpPolicyInterceptorProvider]; scope=; abstract=false; lazyInit=true; autowireMode=0; dependencyCheck=0; autowireCandidate=true; primary=false; factoryBeanName=null; factoryMethodName=null; initMethodName=null; destroyMethodName=null; defined in URL [bundleresource://560.fwk564660841/META-INF/cxf/cxf-extension-http.fixml]]
3288 [Component Resolve Thread (Bundle 589)] INFO  org.springframework.beans.factory.support.DefaultListableBeanFactory - Overriding bean definition for bean 'org.apache.cxf.transport.http.ClientOnlyHTTPTransportFactory': replacing [Generic bean: class [org.apache.cxf.transport.http.ClientOnlyHTTPTransportFactory]; scope=; abstract=false; lazyInit=true; autowireMode=0; dependencyCheck=0; autowireCandidate=true; primary=false; factoryBeanName=null; factoryMethodName=null; initMethodName=null; destroyMethodName=null; defined in URL [bundleresource://560.fwk564660841/META-INF/cxf/cxf-extension-http.fixml]] with [Generic bean: class [org.apache.cxf.transport.http.ClientOnlyHTTPTransportFactory]; scope=; abstract=false; lazyInit=true; autowireMode=0; dependencyCheck=0; autowireCandidate=true; primary=false; factoryBeanName=null; factoryMethodName=null; initMethodName=null; destroyMethodName=null; defined in URL [bundleresource://560.fwk564660841/META-INF/cxf/cxf-extension-http.fixml]]
3380 [Component Resolve Thread (Bundle 589)] INFO  org.springframework.beans.factory.support.DefaultListableBeanFactory - Pre-instantiating singletons in org.springframework.beans.factory.support.DefaultListableBeanFactory@14028bda: defining beans [cxf,org.apache.cxf.bus.spring.BusApplicationListener,org.apache.cxf.bus.spring.BusWiringBeanFactoryPostProcessor,org.apache.cxf.bus.spring.Jsr250BeanPostProcessor,org.apache.cxf.bus.spring.BusExtensionPostProcessor,org.apache.cxf.resource.ResourceManager,org.apache.cxf.configuration.Configurer,org.apache.cxf.binding.BindingFactoryManager,org.apache.cxf.transport.DestinationFactoryManager,org.apache.cxf.transport.ConduitInitiatorManager,org.apache.cxf.wsdl.WSDLManager,org.apache.cxf.phase.PhaseManager,org.apache.cxf.workqueue.WorkQueueManager,org.apache.cxf.buslifecycle.BusLifeCycleManager,org.apache.cxf.endpoint.ServerRegistry,org.apache.cxf.endpoint.ServerLifeCycleManager,org.apache.cxf.endpoint.ClientLifeCycleManager,org.apache.cxf.transports.http.QueryHandlerRegistry,org.apache.cxf.endpoint.EndpointResolverRegistry,org.apache.cxf.headers.HeaderManager,org.apache.cxf.catalog.OASISCatalogManager,org.apache.cxf.service.factory.FactoryBeanListenerManager,org.apache.cxf.endpoint.ServiceContractResolverRegistry,org.apache.cxf.binding.corba.CorbaBindingFactory,org.apache.cxf.binding.corba.wsdl.WSDLExtensionRegister#0,org.apache.cxf.jaxws.context.WebServiceContextResourceResolver,org.apache.cxf.jaxws.context.WebServiceContextImpl,org.apache.cxf.binding.soap.SoapBindingFactory,org.apache.cxf.binding.soap.SoapTransportFactory,org.apache.cxf.binding.soap.customEditorConfigurer,org.apache.cxf.binding.xml.XMLBindingFactory,org.apache.cxf.transport.http.policy.HTTPClientAssertionBuilder,org.apache.cxf.transport.http.policy.HTTPServerAssertionBuilder,org.apache.cxf.transport.http.policy.NoOpPolicyInterceptorProvider,org.apache.cxf.transport.http.ClientOnlyHTTPTransportFactory,org.apache.cxf.ws.addressing.policy.AddressingAssertionBuilder,org.apache.cxf.ws.addressing.policy.AddressingPolicyInterceptorProvider,org.apache.cxf.ws.addressing.policy.UsingAddressingAssertionBuilder,org.apache.cxf.javascript.JavascriptQueryHandler,org.apache.cxf.transport.local.LocalTransportFactory,org.apache.cxf.management.InstrumentationManager,org.apache.cxf.transport.http_jetty.JettyHTTPTransportFactory,org.apache.cxf.transport.jms.JMSTransportFactory,org.apache.cxf.binding.object.ObjectBindingFactory,org.apache.cxf.binding.http.HttpBindingFactory,org.apache.cxf.wstx_msv_validation.WoodstoxValidationImpl,org.apache.cxf.ws.security.policy.WSSecurityPolicyLoader,org.apache.cxf.ws.policy.AssertionBuilderRegistry,org.apache.cxf.ws.policy.PolicyInterceptorProviderRegistry,org.apache.cxf.ws.policy.attachment.external.DomainExpressionBuilderRegistry,org.apache.cxf.ws.policy.attachment.external.EndpointReferenceDomainExpressionBuilder,org.apache.cxf.ws.policy.PolicyBuilder,org.apache.cxf.ws.policy.PolicyEngine,org.apache.cxf.ws.policy.attachment.wsdl11.Wsdl11AttachmentPolicyProvider,org.apache.cxf.ws.policy.attachment.ServiceModelPolicyProvider,org.apache.cxf.ws.policy.mtom.MTOMAssertionBuilder,org.apache.cxf.ws.policy.mtom.MTOMPolicyInterceptorProvider,org.apache.cxf.ws.rm.RMManager,org.apache.cxf.ws.rm.policy.RMPolicyInterceptorProvider,org.apache.cxf.ws.rm.policy.RMAssertionBuilder]; root of factory hierarchy
May 12, 2011 4:06:50 PM org.apache.cxf.endpoint.ServerImpl initDestination
INFO: Setting the server's publish address to be camel://cxfbean:serviceBeansRef
4439 [Component Resolve Thread (Bundle 589)] INFO  org.apache.camel.impl.DefaultCamelContext - Route: tasty started and consuming from: Endpoint[/1]

Framework is launched.

id	State       Bundle
0	ACTIVE      org.eclipse.osgi_3.7.0.v20110427
	            Fragments=197, 304, 307, 312
160	ACTIVE      ch.qos.logback.classic_0.9.27.v20110224-1110
161	ACTIVE      ch.qos.logback.core_0.9.27.v20110224-1110
162	RESOLVED    ch.qos.logback.slf4j_0.9.27.v20110224-1110
	            Master=346
165	ACTIVE      com.ibm.icu_4.4.2.v20110208
178	ACTIVE      com.sun.el_1.0.0.v201004190952
187	ACTIVE      javax.activation_1.1.0.v201005080500
188	ACTIVE      javax.annotation_1.0.0.v20101115-0725
189	ACTIVE      javax.el_2.1.0.v201004190952
191	ACTIVE      javax.mail.glassfish_1.4.1.v201005082020
192	ACTIVE      javax.security.auth.message_1.0.0.v201104181300
193	ACTIVE      javax.servlet_2.5.0.v201103041518
196	ACTIVE      javax.servlet.jsp.jstl_1.2.0.v201004190952
197	RESOLVED    javax.transaction_1.1.1.v201004190952
	            Master=0
229	ACTIVE      org.apache.taglibs.standard.glassfish_1.2.0.v201004190952
240	ACTIVE      org.eclipse.core.commands_3.6.0.I20110111-0800
241	ACTIVE      org.eclipse.core.contenttype_3.4.100.v20110423-0524
242	ACTIVE      org.eclipse.core.expressions_3.4.300.v20110228
243	ACTIVE      org.eclipse.core.filesystem_1.3.100.v20110423-0524
244	ACTIVE      org.eclipse.core.jobs_3.5.100.v20110404
245	ACTIVE      org.eclipse.core.resources_3.7.100.v20110427-0856
246	ACTIVE      org.eclipse.core.runtime_3.7.0.v20110110
248	ACTIVE      org.eclipse.core.variables_3.2.500.v20110411
249	ACTIVE      org.eclipse.debug.core_3.7.0.v20110404
258	ACTIVE      org.eclipse.equinox.app_1.3.100.v20110321
260	ACTIVE      org.eclipse.equinox.common_3.6.0.v20110427
265	ACTIVE      org.eclipse.equinox.frameworkadmin_2.0.0.v20110228
266	ACTIVE      org.eclipse.equinox.frameworkadmin.equinox_1.0.300.v20110228
267	ACTIVE      org.eclipse.equinox.http.servlet_1.1.200.v20110321
275	ACTIVE      org.eclipse.equinox.p2.core_2.1.0.v20110419-0147
281	ACTIVE      org.eclipse.equinox.p2.engine_2.1.0.v20110419-0147
285	ACTIVE      org.eclipse.equinox.p2.metadata_2.1.0.v20110419-0147
286	ACTIVE      org.eclipse.equinox.p2.metadata.repository_1.2.0.v20110421
292	ACTIVE      org.eclipse.equinox.p2.repository_2.1.0.v20110419-0147
299	ACTIVE      org.eclipse.equinox.preferences_3.4.0.v20110328
300	ACTIVE      org.eclipse.equinox.registry_3.5.100.v20110321
301	ACTIVE      org.eclipse.equinox.security_1.1.0.v20110411
	            Fragments=302
302	RESOLVED    org.eclipse.equinox.security.macosx_1.100.100.v20100503
	            Master=301
304	RESOLVED    org.eclipse.equinox.servletbridge.extensionbundle_1.2.0.v20100503
	            Master=0
305	ACTIVE      org.eclipse.equinox.simpleconfigurator.manipulator_2.0.0.v20100920
307	RESOLVED    org.eclipse.equinox.transforms.hook_1.0.300.v20100719
	            Master=0
310	ACTIVE      org.eclipse.equinox.weaving.aspectj_1.0.1.v20100628
311	ACTIVE      org.eclipse.equinox.weaving.caching_1.0.100.v20101208
312	RESOLVED    org.eclipse.equinox.weaving.hook_1.0.0.v20100503
	            Master=0
314	ACTIVE      org.eclipse.jetty.annotations_7.4.0.v20110414
315	ACTIVE      org.eclipse.jetty.client_7.4.0.v20110414
316	ACTIVE      org.eclipse.jetty.continuation_7.4.0.v20110414
317	ACTIVE      org.eclipse.jetty.deploy_7.4.0.v20110414
318	ACTIVE      org.eclipse.jetty.http_7.4.0.v20110414
319	ACTIVE      org.eclipse.jetty.io_7.4.0.v20110414
320	ACTIVE      org.eclipse.jetty.jaspi_7.4.0.v20110414
321	ACTIVE      org.eclipse.jetty.jmx_7.4.0.v20110414
322	ACTIVE      org.eclipse.jetty.jndi_7.4.0.v20110414
323	ACTIVE      org.eclipse.jetty.nested_7.4.0.v20110414
324	ACTIVE      org.eclipse.jetty.osgi.boot_7.4.0.v20110414
	            Fragments=325, 326
325	RESOLVED    org.eclipse.jetty.osgi.boot.jsp_7.4.0.v20110414
	            Master=324
326	RESOLVED    org.eclipse.jetty.osgi.boot.logback_7.3.1.qualifier
	            Master=324
327	ACTIVE      org.eclipse.jetty.osgi.boot.warurl_7.4.0.v20110414
328	ACTIVE      org.eclipse.jetty.osgi.httpservice_7.4.0.v20110414
329	ACTIVE      org.eclipse.jetty.plus_7.4.0.v20110414
330	ACTIVE      org.eclipse.jetty.rewrite_7.4.0.v20110414
331	ACTIVE      org.eclipse.jetty.security_7.4.0.v20110414
332	ACTIVE      org.eclipse.jetty.server_7.4.0.v20110414
333	ACTIVE      org.eclipse.jetty.servlet_7.4.0.v20110414
334	ACTIVE      org.eclipse.jetty.servlets_7.4.0.v20110414
335	ACTIVE      org.eclipse.jetty.util_7.4.0.v20110414
336	ACTIVE      org.eclipse.jetty.webapp_7.4.0.v20110414
337	ACTIVE      org.eclipse.jetty.websocket_7.4.0.v20110414
338	ACTIVE      org.eclipse.jetty.xml_7.4.0.v20110414
339	ACTIVE      org.eclipse.osgi.services_3.3.0.v20110411
342	ACTIVE      org.objectweb.asm_3.3.1.v201101071600
346	ACTIVE      org.slf4j.api_1.6.1.v20100831-0715
	            Fragments=162
348	ACTIVE      org.slf4j.jcl_1.6.1.v20100831-0715
349	ACTIVE      org.slf4j.jul_1.6.1.v20100831-0715
350	ACTIVE      org.slf4j.log4j_1.6.1.v20100831-0715
367	ACTIVE      org.apache.jasper.glassfish_2.1.0.v201101120552
368	ACTIVE      org.eclipse.jdt.core_3.7.0.v_B53
369	ACTIVE      org.eclipse.text_3.5.100.v20110427-0800
370	ACTIVE      javax.servlet.jsp_2.1.0.v201103011838
400	ACTIVE      org.aspectj.runtime_1.6.12.20110510084300
510	ACTIVE      org.eclipse.equinox.simpleconfigurator_1.0.200.v20110404-2011
511	ACTIVE      com.caucho.hessian_3.2.0
514	ACTIVE      com.springsource.antlr_2.7.7
515	ACTIVE      com.springsource.com.sun.xml.fastinfoset_1.2.2
516	ACTIVE      com.springsource.javax.validation_1.0.0.GA
517	ACTIVE      com.springsource.org.apache.velocity_1.6.2
518	ACTIVE      com.springsource.org.apache.xmlbeans_2.4.0
519	ACTIVE      com.springsource.org.dom4j_1.6.1
520	ACTIVE      com.springsource.org.iso_relax.verifier_0.0.0.20041111
521	ACTIVE      com.springsource.org.jaxen_1.1.1
522	ACTIVE      com.springsource.org.joda.time_1.6.0
523	ACTIVE      com.springsource.org.jvnet.staxex_1.0.0
524	ACTIVE      com.springsource.org.mozilla.javascript_1.7.0.R2
525	ACTIVE      com.springsource.org.relaxng.datatype_1.0.0
526	ACTIVE      com.sun.xml.bind_2.2.0.v201011030300
527	ACTIVE      commonj.sdo_2.1.1.v200905221342
528	ACTIVE      commons-management_1.0.0
529	ACTIVE      edu.emory.mathcs.backport_3.1.0.v200902251154
530	ACTIVE      jackson-core-asl_1.7.1
531	ACTIVE      jackson-jaxrs_1.7.1
532	ACTIVE      jackson-mapper-asl_1.7.1
533	ACTIVE      java_cup.runtime_0.10.0.v201005080400
534	ACTIVE      javax.inject_1.0.0.v20091030
537	ACTIVE      javax.wsdl_1.6.2.v201012040545
538	ACTIVE      javax.xml_1.3.4.v201005080400
539	ACTIVE      javax.xml.bind_2.2.0.v201103041518
540	ACTIVE      javax.xml.rpc_1.1.0.v201005080400
541	ACTIVE      javax.xml.soap_1.3.0.v201012031540
542	ACTIVE      javax.xml.stream_1.0.1.v201004272200
543	ACTIVE      msv-core_2011.1.0
544	ACTIVE      org.aopalliance_1.0.0.v200905130917
545	ACTIVE      org.apache.bcel_5.2.0.v201005080400
546	ACTIVE      org.apache.camel.camel-core_2.7.1
547	ACTIVE      org.apache.camel.camel-cxf_2.7.1
548	ACTIVE      org.apache.camel.camel-http_2.7.1
549	ACTIVE      org.apache.camel.camel-servlet_2.7.1
550	ACTIVE      org.apache.camel.camel-spring_2.7.1
551	ACTIVE      org.apache.camel.core.osgi_2.7.1
552	ACTIVE      org.apache.commons.codec_1.4.0
553	ACTIVE      org.apache.commons.collections_3.2.1
554	ACTIVE      org.apache.commons.discovery_0.2.0.v201004190315
555	ACTIVE      org.apache.commons.fileupload_1.2.0.v20080604-1500
556	ACTIVE      org.apache.commons.httpclient_3.1.0.v201012070820
557	ACTIVE      org.apache.commons.io_1.4.0.v20081110-1000
558	ACTIVE      org.apache.commons.lang_2.5.0
559	ACTIVE      org.apache.commons.pool_1.4.0.v20081016-1000
560	ACTIVE      org.apache.cxf.bundle_2.3.3
561	ACTIVE      org.apache.geronimo.specs.geronimo-jms_1.1_spec_1.1.1
562	ACTIVE      org.apache.neethi_2.0.4.1
563	ACTIVE      org.apache.oro_2.0.8.v201005080400
564	ACTIVE      org.apache.servicemix.bundles.abdera_0.4.0.incubating_4
565	ACTIVE      org.apache.servicemix.bundles.jaxb-xjc_2.2.1.1_1
566	ACTIVE      org.apache.servicemix.bundles.rome_1.0.0.1
567	ACTIVE      org.apache.ws.commons.axiom.axiom-api_1.2.11
568	ACTIVE      org.apache.ws.commons.axiom.axiom-impl_1.2.11
569	ACTIVE      org.apache.ws.commons.schema_1.4.2.v201003051240
570	ACTIVE      org.apache.ws.security.wss4j_1.5.11
571	ACTIVE      org.apache.xalan_2.7.1.v201005080400
572	ACTIVE      org.apache.xerces_2.9.0.v201101211617
573	ACTIVE      org.apache.xml.resolver_1.2.0.v201005080400
574	ACTIVE      org.apache.xml.security_1.4.2.v201005080400
575	ACTIVE      org.apache.xml.serializer_2.7.1.v201005080400
576	ACTIVE      org.aspectj.weaver_1.6.12.20110510084300
577	ACTIVE      org.eclipse.core.runtime.compatibility.auth_3.2.200.v20110110
578	ACTIVE      org.eclipse.ecf_3.1.0.v20100906-1425
	            Fragments=585
579	ACTIVE      org.eclipse.ecf.filetransfer_4.0.0.v20100906-1425
580	ACTIVE      org.eclipse.ecf.identity_3.1.0.v20100906-1425
581	ACTIVE      org.eclipse.ecf.provider.filetransfer_3.1.0.v20100906-1425
	            Fragments=584
582	ACTIVE      org.eclipse.ecf.provider.filetransfer.httpclient_4.0.0.v20100906-1425
	            Fragments=583
583	RESOLVED    org.eclipse.ecf.provider.filetransfer.httpclient.ssl_1.0.0.v20100906-1425
	            Master=582
584	RESOLVED    org.eclipse.ecf.provider.filetransfer.ssl_1.0.0.v20100906-1425
	            Master=581
585	RESOLVED    org.eclipse.ecf.ssl_1.0.100.v20100906-1425
	            Master=578
586	ACTIVE      org.eclipse.equinox.cm_1.0.300.v20101204
587	ACTIVE      org.eclipse.equinox.concurrent_1.0.100.v20100503
588	ACTIVE      org.eclipse.equinox.coordinator_1.0.0.v20110321
589	ACTIVE      org.eclipse.equinox.ds_1.3.0.v20110418
590	ACTIVE      org.eclipse.equinox.event_1.2.100.v20110110
591	ACTIVE      org.eclipse.equinox.http.servletbridge_1.0.200.v20100503
592	ACTIVE      org.eclipse.equinox.io_1.0.300.v20101204
593	ACTIVE      org.eclipse.equinox.ip_1.1.200.v20101204
594	ACTIVE      org.eclipse.equinox.log_1.2.200.v20110314
595	ACTIVE      org.eclipse.equinox.metatype_1.1.0.v20110411
596	ACTIVE      org.eclipse.equinox.p2.artifact.repository_1.1.100.v20110421
597	ACTIVE      org.eclipse.equinox.p2.console_1.0.300.v20110404-2011
598	ACTIVE      org.eclipse.equinox.p2.director_2.1.0.v20110222-0044
599	ACTIVE      org.eclipse.equinox.p2.director.app_1.0.300.v20110419-0147
600	ACTIVE      org.eclipse.equinox.p2.directorywatcher_1.0.300.v20110305-0130
601	ACTIVE      org.eclipse.equinox.p2.discovery_1.0.100.v20110222-0044
602	ACTIVE      org.eclipse.equinox.p2.discovery.compatibility_1.0.1.v20110328-2345
603	ACTIVE      org.eclipse.equinox.p2.extensionlocation_1.2.100.v20110412-0007
604	ACTIVE      org.eclipse.equinox.p2.garbagecollector_1.0.200.v20110222-0044
605	ACTIVE      org.eclipse.equinox.p2.jarprocessor_1.0.200.v20110414-1400
606	ACTIVE      org.eclipse.equinox.p2.operations_2.1.0.v20110425-0900
607	ACTIVE      org.eclipse.equinox.p2.publisher_1.2.0.v20110404-2011
608	ACTIVE      org.eclipse.equinox.p2.publisher.eclipse_1.0.0.v20110419-0147
609	ACTIVE      org.eclipse.equinox.p2.ql_2.0.100.v20110222-0044
610	ACTIVE      org.eclipse.equinox.p2.reconciler.dropins_1.1.100.v20110207
611	ACTIVE      org.eclipse.equinox.p2.repository.tools_2.0.100.v20110419-0147
612	ACTIVE      org.eclipse.equinox.p2.touchpoint.eclipse_2.1.0.v20110414-1400
613	ACTIVE      org.eclipse.equinox.p2.touchpoint.natives_1.0.300.v20110412-0007
614	ACTIVE      org.eclipse.equinox.p2.transport.ecf_1.0.0.v20110419-0147
615	ACTIVE      org.eclipse.equinox.p2.updatechecker_1.1.200.v20110222-0044
616	ACTIVE      org.eclipse.equinox.p2.updatesite_1.0.300.v20110404-2011
617	ACTIVE      org.eclipse.equinox.servletbridge_1.2.0.v20100503
618	ACTIVE      org.eclipse.equinox.supplement_1.4.0.v20110411
619	ACTIVE      org.eclipse.equinox.useradmin_1.1.300.v20110413
620	ACTIVE      org.eclipse.equinox.util_1.0.200.v20100503
621	ACTIVE      org.eclipse.equinox.wireadmin_1.0.300.v20101204
622	ACTIVE      org.eclipse.osgi.util_3.2.200.v20110110
623	ACTIVE      org.jdom_1.1.1.v201101151400
624	ACTIVE      org.opensaml_1.1.0.v200905041411
625	ACTIVE      org.sat4j.core_2.2.0.v20100429
626	ACTIVE      org.sat4j.pb_2.2.0.v20100429
627	ACTIVE      org.springframework.aop_3.0.5.RELEASE
628	ACTIVE      org.springframework.asm_3.0.5.RELEASE
629	ACTIVE      org.springframework.beans_3.0.5.RELEASE
630	ACTIVE      org.springframework.context_3.0.5.RELEASE
631	ACTIVE      org.springframework.core_3.0.5.RELEASE
632	ACTIVE      org.springframework.expression_3.0.5.RELEASE
633	ACTIVE      org.springframework.jdbc_3.0.5.RELEASE
634	ACTIVE      org.springframework.jms_3.0.5.RELEASE
635	ACTIVE      org.springframework.orm_3.0.5.RELEASE
636	ACTIVE      org.springframework.osgi.core_1.2.1
637	ACTIVE      org.springframework.osgi.io_1.2.1
638	ACTIVE      org.springframework.transaction_3.0.5.RELEASE
639	ACTIVE      org.springframework.web_3.0.5.RELEASE
640	ACTIVE      stax2-api_3.0.2
641	ACTIVE      woodstox-core-asl_4.0.8
642	ACTIVE      xsdlib_2010.1.0
667	ACTIVE      com.github.elyast.lemac.client_1.0.0.qualifier
668	ACTIVE      com.github.elyast.lemac.core_1.0.0.qualifier
669	ACTIVE      org.apache.servicemix.specs.jsr311-api-1.1_1.7.0
671	ACTIVE      javax.jdo_3.0.0
672	ACTIVE      javax.xml.ws_2.1.0.v200902101523
673	ACTIVE      org.apache.commons.net_2.2.0.v201101241833
674	ACTIVE      org.apache.servicemix.bundles.smack_3.1.0.3
675	ACTIVE      org.apache.thrift_0.5.0.v20110412-1025
676	ACTIVE      org.apache.ws.commons.util_1.0.1.v20100518-1140
677	ACTIVE      org.codehaus.jettison.jettison_1.3.0
678	ACTIVE      org.json_1.0.0.v201011060100
679	ACTIVE      org.springframework.context.support_3.0.5.RELEASE
681	ACTIVE      com.jcraft.jsch_0.1.44.v201101211721
682	ACTIVE      com.springsource.com.sun.xml.messaging.saaj_1.3.2

osgi> 78035 [OSGi Console] INFO  com.github.elyast.lemac.core.internal.RemoteExportListener - Service {com.github.elyast.lemac.client.SimpleSimpleService}={component.name=com.github.elyast.lemac.client, component.id=18, service.exported.interfaces=*, service.id=124}
78037 [OSGi Console] INFO  org.apache.camel.impl.DefaultShutdownStrategy - Starting to graceful shutdown 1 routes (timeout 300 seconds)
78097 [Camel (668-camel-2) thread #0 - ShutdownTask] INFO  org.apache.camel.impl.DefaultShutdownStrategy$ShutdownTask - Route: tasty suspended and shutdown deferred, was consuming from: Endpoint[/1]
78097 [Camel (668-camel-2) thread #0 - ShutdownTask] INFO  org.apache.camel.impl.DefaultShutdownStrategy$ShutdownTask - Route: tasty shutdown complete.
78098 [OSGi Console] INFO  org.apache.camel.impl.DefaultShutdownStrategy - Graceful shutdown of 1 routes completed in 0 seconds
78098 [OSGi Console] INFO  org.apache.camel.impl.DefaultCamelContext - Route: tasty stopped, was consuming from: Endpoint[/1]
78099 [OSGi Console] INFO  org.apache.camel.impl.DefaultCamelContext - Route: tasty shutdown and removed, was consuming from: Endpoint[/1]

osgi> May 12, 2011 4:08:17 PM org.apache.cxf.bus.spring.SpringBusFactory createApplicationContext
WARNING: Initial attempt to create application context was unsuccessful.
org.springframework.beans.factory.BeanDefinitionStoreException: IOException parsing XML document from class path resource [META-INF/cxf/cxf.xml]; nested exception is java.io.FileNotFoundException: class path resource [META-INF/cxf/cxf.xml] cannot be opened because it does not exist
	at org.springframework.beans.factory.xml.XmlBeanDefinitionReader.loadBeanDefinitions(XmlBeanDefinitionReader.java:341)
	at org.apache.cxf.bus.spring.ControlledValidationXmlBeanDefinitionReader.loadBeanDefinitions(ControlledValidationXmlBeanDefinitionReader.java:131)
	at org.springframework.beans.factory.xml.XmlBeanDefinitionReader.loadBeanDefinitions(XmlBeanDefinitionReader.java:302)
	at org.springframework.beans.factory.support.AbstractBeanDefinitionReader.loadBeanDefinitions(AbstractBeanDefinitionReader.java:143)
	at org.springframework.context.support.AbstractXmlApplicationContext.loadBeanDefinitions(AbstractXmlApplicationContext.java:122)
	at org.apache.cxf.bus.spring.BusApplicationContext.loadBeanDefinitions(BusApplicationContext.java:262)
	at org.springframework.context.support.AbstractRefreshableApplicationContext.refreshBeanFactory(AbstractRefreshableApplicationContext.java:130)
	at org.springframework.context.support.AbstractApplicationContext.obtainFreshBeanFactory(AbstractApplicationContext.java:467)
	at org.springframework.context.support.AbstractApplicationContext.refresh(AbstractApplicationContext.java:397)
	at org.apache.cxf.bus.spring.BusApplicationContext.<init>(BusApplicationContext.java:91)
	at org.apache.cxf.bus.spring.SpringBusFactory.createApplicationContext(SpringBusFactory.java:102)
	at org.apache.cxf.bus.spring.SpringBusFactory.createBus(SpringBusFactory.java:93)
	at org.apache.cxf.bus.spring.SpringBusFactory.createBus(SpringBusFactory.java:86)
	at org.apache.cxf.bus.spring.SpringBusFactory.createBus(SpringBusFactory.java:64)
	at org.apache.cxf.bus.spring.SpringBusFactory.createBus(SpringBusFactory.java:53)
	at org.apache.camel.component.cxf.cxfbean.CxfBeanEndpoint.init(CxfBeanEndpoint.java:83)
	at org.apache.camel.component.cxf.cxfbean.CxfBeanComponent.createEndpoint(CxfBeanComponent.java:57)
	at org.apache.camel.impl.DefaultComponent.createEndpoint(DefaultComponent.java:75)
	at com.github.elyast.lemac.core.internal.RemoteExportListener.register(RemoteExportListener.java:73)
	at com.github.elyast.lemac.core.internal.RemoteExportListener.serviceChanged(RemoteExportListener.java:56)
	at org.eclipse.osgi.internal.serviceregistry.FilteredServiceListener.serviceChanged(FilteredServiceListener.java:104)
	at org.eclipse.osgi.framework.internal.core.BundleContextImpl.dispatchEvent(BundleContextImpl.java:861)
	at org.eclipse.osgi.framework.eventmgr.EventManager.dispatchEvent(EventManager.java:230)
	at org.eclipse.osgi.framework.eventmgr.ListenerQueue.dispatchEventSynchronous(ListenerQueue.java:148)
	at org.eclipse.osgi.internal.serviceregistry.ServiceRegistry.publishServiceEventPrivileged(ServiceRegistry.java:819)
	at org.eclipse.osgi.internal.serviceregistry.ServiceRegistry.publishServiceEvent(ServiceRegistry.java:771)
	at org.eclipse.osgi.internal.serviceregistry.ServiceRegistrationImpl.register(ServiceRegistrationImpl.java:130)
	at org.eclipse.osgi.internal.serviceregistry.ServiceRegistry.registerService(ServiceRegistry.java:214)
	at org.eclipse.osgi.framework.internal.core.BundleContextImpl.registerService(BundleContextImpl.java:433)
	at org.eclipse.equinox.internal.ds.InstanceProcess.registerService(InstanceProcess.java:504)
	at org.eclipse.equinox.internal.ds.InstanceProcess.buildComponents(InstanceProcess.java:259)
	at org.eclipse.equinox.internal.ds.Resolver.buildNewlySatisfied(Resolver.java:441)
	at org.eclipse.equinox.internal.ds.Resolver.enableComponents(Resolver.java:213)
	at org.eclipse.equinox.internal.ds.SCRManager.performWork(SCRManager.java:800)
	at org.eclipse.equinox.internal.ds.SCRManager$QueuedJob.dispatch(SCRManager.java:767)
	at org.eclipse.equinox.internal.ds.WorkThread.run(WorkThread.java:89)
	at org.eclipse.equinox.internal.util.impl.tpt.threadpool.Executor.run(Executor.java:70)
Caused by: java.io.FileNotFoundException: class path resource [META-INF/cxf/cxf.xml] cannot be opened because it does not exist
	at org.springframework.core.io.ClassPathResource.getInputStream(ClassPathResource.java:158)
	at org.springframework.beans.factory.xml.XmlBeanDefinitionReader.loadBeanDefinitions(XmlBeanDefinitionReader.java:328)
	... 36 more
91619 [Component Resolve Thread (Bundle 589)] INFO  com.github.elyast.lemac.core.internal.RemoteExportListener - Service com.github.elyast.lemac.client.SimpleService@5d9d277e, {com.github.elyast.lemac.client.SimpleSimpleService}={component.name=com.github.elyast.lemac.client, component.id=19, service.exported.interfaces=*, service.id=126}
91620 [Component Resolve Thread (Bundle 589)] INFO  org.springframework.context.support.AbstractApplicationContext - Refreshing org.apache.cxf.bus.spring.BusApplicationContext@788bf135: startup date [Thu May 12 16:08:17 CEST 2011]; root of context hierarchy
91622 [Component Resolve Thread (Bundle 589)] INFO  org.springframework.beans.factory.xml.XmlBeanDefinitionReader - Loading XML bean definitions from class path resource [META-INF/cxf/cxf.xml]
91623 [Component Resolve Thread (Bundle 589)] INFO  org.springframework.context.support.AbstractApplicationContext - Refreshing org.apache.cxf.bus.spring.BusApplicationContext@2b890c67: startup date [Thu May 12 16:08:17 CEST 2011]; root of context hierarchy
91645 [Component Resolve Thread (Bundle 589)] INFO  org.springframework.beans.factory.support.DefaultListableBeanFactory - Overriding bean definition for bean 'org.apache.cxf.transport.http.policy.HTTPClientAssertionBuilder': replacing [Generic bean: class [org.apache.cxf.transport.http.policy.HTTPClientAssertionBuilder]; scope=; abstract=false; lazyInit=true; autowireMode=0; dependencyCheck=0; autowireCandidate=true; primary=false; factoryBeanName=null; factoryMethodName=null; initMethodName=null; destroyMethodName=null; defined in URL [bundleresource://560.fwk564660841/META-INF/cxf/cxf-extension-http.fixml]] with [Generic bean: class [org.apache.cxf.transport.http.policy.HTTPClientAssertionBuilder]; scope=; abstract=false; lazyInit=true; autowireMode=0; dependencyCheck=0; autowireCandidate=true; primary=false; factoryBeanName=null; factoryMethodName=null; initMethodName=null; destroyMethodName=null; defined in URL [bundleresource://560.fwk564660841/META-INF/cxf/cxf-extension-http.fixml]]
91646 [Component Resolve Thread (Bundle 589)] INFO  org.springframework.beans.factory.support.DefaultListableBeanFactory - Overriding bean definition for bean 'org.apache.cxf.transport.http.policy.HTTPServerAssertionBuilder': replacing [Generic bean: class [org.apache.cxf.transport.http.policy.HTTPServerAssertionBuilder]; scope=; abstract=false; lazyInit=true; autowireMode=0; dependencyCheck=0; autowireCandidate=true; primary=false; factoryBeanName=null; factoryMethodName=null; initMethodName=null; destroyMethodName=null; defined in URL [bundleresource://560.fwk564660841/META-INF/cxf/cxf-extension-http.fixml]] with [Generic bean: class [org.apache.cxf.transport.http.policy.HTTPServerAssertionBuilder]; scope=; abstract=false; lazyInit=true; autowireMode=0; dependencyCheck=0; autowireCandidate=true; primary=false; factoryBeanName=null; factoryMethodName=null; initMethodName=null; destroyMethodName=null; defined in URL [bundleresource://560.fwk564660841/META-INF/cxf/cxf-extension-http.fixml]]
91646 [Component Resolve Thread (Bundle 589)] INFO  org.springframework.beans.factory.support.DefaultListableBeanFactory - Overriding bean definition for bean 'org.apache.cxf.transport.http.policy.NoOpPolicyInterceptorProvider': replacing [Generic bean: class [org.apache.cxf.transport.http.policy.NoOpPolicyInterceptorProvider]; scope=; abstract=false; lazyInit=true; autowireMode=0; dependencyCheck=0; autowireCandidate=true; primary=false; factoryBeanName=null; factoryMethodName=null; initMethodName=null; destroyMethodName=null; defined in URL [bundleresource://560.fwk564660841/META-INF/cxf/cxf-extension-http.fixml]] with [Generic bean: class [org.apache.cxf.transport.http.policy.NoOpPolicyInterceptorProvider]; scope=; abstract=false; lazyInit=true; autowireMode=0; dependencyCheck=0; autowireCandidate=true; primary=false; factoryBeanName=null; factoryMethodName=null; initMethodName=null; destroyMethodName=null; defined in URL [bundleresource://560.fwk564660841/META-INF/cxf/cxf-extension-http.fixml]]
91647 [Component Resolve Thread (Bundle 589)] INFO  org.springframework.beans.factory.support.DefaultListableBeanFactory - Overriding bean definition for bean 'org.apache.cxf.transport.http.ClientOnlyHTTPTransportFactory': replacing [Generic bean: class [org.apache.cxf.transport.http.ClientOnlyHTTPTransportFactory]; scope=; abstract=false; lazyInit=true; autowireMode=0; dependencyCheck=0; autowireCandidate=true; primary=false; factoryBeanName=null; factoryMethodName=null; initMethodName=null; destroyMethodName=null; defined in URL [bundleresource://560.fwk564660841/META-INF/cxf/cxf-extension-http.fixml]] with [Generic bean: class [org.apache.cxf.transport.http.ClientOnlyHTTPTransportFactory]; scope=; abstract=false; lazyInit=true; autowireMode=0; dependencyCheck=0; autowireCandidate=true; primary=false; factoryBeanName=null; factoryMethodName=null; initMethodName=null; destroyMethodName=null; defined in URL [bundleresource://560.fwk564660841/META-INF/cxf/cxf-extension-http.fixml]]
91703 [Component Resolve Thread (Bundle 589)] INFO  org.springframework.beans.factory.support.DefaultListableBeanFactory - Pre-instantiating singletons in org.springframework.beans.factory.support.DefaultListableBeanFactory@b7cf28b: defining beans [cxf,org.apache.cxf.bus.spring.BusApplicationListener,org.apache.cxf.bus.spring.BusWiringBeanFactoryPostProcessor,org.apache.cxf.bus.spring.Jsr250BeanPostProcessor,org.apache.cxf.bus.spring.BusExtensionPostProcessor,org.apache.cxf.resource.ResourceManager,org.apache.cxf.configuration.Configurer,org.apache.cxf.binding.BindingFactoryManager,org.apache.cxf.transport.DestinationFactoryManager,org.apache.cxf.transport.ConduitInitiatorManager,org.apache.cxf.wsdl.WSDLManager,org.apache.cxf.phase.PhaseManager,org.apache.cxf.workqueue.WorkQueueManager,org.apache.cxf.buslifecycle.BusLifeCycleManager,org.apache.cxf.endpoint.ServerRegistry,org.apache.cxf.endpoint.ServerLifeCycleManager,org.apache.cxf.endpoint.ClientLifeCycleManager,org.apache.cxf.transports.http.QueryHandlerRegistry,org.apache.cxf.endpoint.EndpointResolverRegistry,org.apache.cxf.headers.HeaderManager,org.apache.cxf.catalog.OASISCatalogManager,org.apache.cxf.service.factory.FactoryBeanListenerManager,org.apache.cxf.endpoint.ServiceContractResolverRegistry,org.apache.cxf.binding.corba.CorbaBindingFactory,org.apache.cxf.binding.corba.wsdl.WSDLExtensionRegister#0,org.apache.cxf.jaxws.context.WebServiceContextResourceResolver,org.apache.cxf.jaxws.context.WebServiceContextImpl,org.apache.cxf.binding.soap.SoapBindingFactory,org.apache.cxf.binding.soap.SoapTransportFactory,org.apache.cxf.binding.soap.customEditorConfigurer,org.apache.cxf.binding.xml.XMLBindingFactory,org.apache.cxf.transport.http.policy.HTTPClientAssertionBuilder,org.apache.cxf.transport.http.policy.HTTPServerAssertionBuilder,org.apache.cxf.transport.http.policy.NoOpPolicyInterceptorProvider,org.apache.cxf.transport.http.ClientOnlyHTTPTransportFactory,org.apache.cxf.ws.addressing.policy.AddressingAssertionBuilder,org.apache.cxf.ws.addressing.policy.AddressingPolicyInterceptorProvider,org.apache.cxf.ws.addressing.policy.UsingAddressingAssertionBuilder,org.apache.cxf.javascript.JavascriptQueryHandler,org.apache.cxf.transport.local.LocalTransportFactory,org.apache.cxf.management.InstrumentationManager,org.apache.cxf.transport.http_jetty.JettyHTTPTransportFactory,org.apache.cxf.transport.jms.JMSTransportFactory,org.apache.cxf.binding.object.ObjectBindingFactory,org.apache.cxf.binding.http.HttpBindingFactory,org.apache.cxf.wstx_msv_validation.WoodstoxValidationImpl,org.apache.cxf.ws.security.policy.WSSecurityPolicyLoader,org.apache.cxf.ws.policy.AssertionBuilderRegistry,org.apache.cxf.ws.policy.PolicyInterceptorProviderRegistry,org.apache.cxf.ws.policy.attachment.external.DomainExpressionBuilderRegistry,org.apache.cxf.ws.policy.attachment.external.EndpointReferenceDomainExpressionBuilder,org.apache.cxf.ws.policy.PolicyBuilder,org.apache.cxf.ws.policy.PolicyEngine,org.apache.cxf.ws.policy.attachment.wsdl11.Wsdl11AttachmentPolicyProvider,org.apache.cxf.ws.policy.attachment.ServiceModelPolicyProvider,org.apache.cxf.ws.policy.mtom.MTOMAssertionBuilder,org.apache.cxf.ws.policy.mtom.MTOMPolicyInterceptorProvider,org.apache.cxf.ws.rm.RMManager,org.apache.cxf.ws.rm.policy.RMPolicyInterceptorProvider,org.apache.cxf.ws.rm.policy.RMAssertionBuilder]; root of factory hierarchy
May 12, 2011 4:08:18 PM org.apache.cxf.endpoint.ServerImpl initDestination
INFO: Setting the server's publish address to be camel://cxfbean:serviceBeansRef
91961 [Component Resolve Thread (Bundle 589)] INFO  org.apache.camel.impl.DefaultCamelContext - Route: tasty started and consuming from: Endpoint[/1]

osgi> 