0:0:0:0:0:0:0:1%0 -  -  [12/May/2011:10:22:40 +0000] "GET / HTTP/1.1" 404 1279 
0:0:0:0:0:0:0:1%0 -  -  [12/May/2011:10:26:19 +0000] "GET /test HTTP/1.1" 302 0 
0:0:0:0:0:0:0:1%0 -  -  [12/May/2011:10:26:19 +0000] "GET /test/ HTTP/1.1" 200 1326 
0:0:0:0:0:0:0:1%0 -  -  [12/May/2011:10:26:19 +0000] "GET /test/jetty-dir.css HTTP/1.1" 404 1383 
0:0:0:0:0:0:0:1%0 -  -  [12/May/2011:10:27:05 +0000] "GET /test/services HTTP/1.1" 404 1378 
0:0:0:0:0:0:0:1%0 -  -  [12/May/2011:10:27:08 +0000] "GET /test/services/ HTTP/1.1" 404 1379 
0:0:0:0:0:0:0:1%0 -  -  [12/May/2011:10:57:41 +0000] "GET /camel/services HTTP/1.1" 404 1321 
0:0:0:0:0:0:0:1%0 -  -  [12/May/2011:10:57:47 +0000] "GET /camel/services/ HTTP/1.1" 404 1324 
0:0:0:0:0:0:0:1%0 -  -  [12/May/2011:10:59:33 +0000] "GET / HTTP/1.1" 404 1279 
0:0:0:0:0:0:0:1%0 -  -  [12/May/2011:11:09:52 +0000] "GET /camel/services HTTP/1.1" 404 1281 
0:0:0:0:0:0:0:1%0 -  -  [12/May/2011:11:09:56 +0000] "GET / HTTP/1.1" 404 1279 
0:0:0:0:0:0:0:1%0 -  -  [12/May/2011:11:10:10 +0000] "GET /camel/services HTTP/1.1" 404 1281 
0:0:0:0:0:0:0:1%0 -  -  [12/May/2011:11:14:22 +0000] "GET /camel/services HTTP/1.1" 404 1281 
0:0:0:0:0:0:0:1%0 -  -  [12/May/2011:11:52:17 +0000] "GET /camel/services HTTP/1.1" 404 1281 
0:0:0:0:0:0:0:1%0 -  -  [12/May/2011:11:52:19 +0000] "GET /camel/ HTTP/1.1" 404 1297 
0:0:0:0:0:0:0:1%0 -  -  [12/May/2011:11:52:23 +0000] "GET /camel/services/ HTTP/1.1" 404 1282 
0:0:0:0:0:0:0:1%0 -  -  [12/May/2011:11:52:42 +0000] "GET /camel/services/helloworld HTTP/1.1" 404 1292 
0:0:0:0:0:0:0:1%0 -  -  [12/May/2011:11:53:35 +0000] "GET /camel/services/helloworld/send HTTP/1.1" 404 1297 
0:0:0:0:0:0:0:1%0 -  -  [12/May/2011:12:11:42 +0000] "GET /camel/services/helloworld/send HTTP/1.1" 404 1297 
0:0:0:0:0:0:0:1%0 -  -  [12/May/2011:12:11:45 +0000] "GET /camel/services/helloworld/send HTTP/1.1" 404 1297 
0:0:0:0:0:0:0:1%0 -  -  [12/May/2011:12:24:26 +0000] "GET /camel/services/helloworld/send HTTP/1.1" 404 1297 
0:0:0:0:0:0:0:1%0 -  -  [12/May/2011:12:24:31 +0000] "GET /camel/services/helloworld/ HTTP/1.1" 404 1293 
0:0:0:0:0:0:0:1%0 -  -  [12/May/2011:12:24:35 +0000] "GET /camel/services/ HTTP/1.1" 404 1282 
0:0:0:0:0:0:0:1%0 -  -  [12/May/2011:12:24:42 +0000] "GET /camel/ HTTP/1.1" 404 1297 
0:0:0:0:0:0:0:1%0 -  -  [12/May/2011:12:26:37 +0000] "GET /camel/services HTTP/1.1" 404 1281 
0:0:0:0:0:0:0:1%0 -  -  [12/May/2011:12:26:45 +0000] "GET /camel/services/helloworld/send HTTP/1.1" 404 1297 
0:0:0:0:0:0:0:1%0 -  -  [12/May/2011:12:34:34 +0000] "GET /camel/services/1/helloworld/send HTTP/1.1" 404 0 
0:0:0:0:0:0:0:1%0 -  -  [12/May/2011:12:34:54 +0000] "GET /camel/services/1/helloworld/send HTTP/1.1" 404 0 
0:0:0:0:0:0:0:1%0 -  -  [12/May/2011:13:28:26 +0000] "GET /camel/services/1/helloworld/send HTTP/1.1" 500 0 
0:0:0:0:0:0:0:1%0 -  -  [12/May/2011:13:41:26 +0000] "GET /camel/services/1/helloworld/send HTTP/1.1" 500 0 
0:0:0:0:0:0:0:1%0 -  -  [12/May/2011:13:41:32 +0000] "GET /camel/services/1 HTTP/1.1" 500 0 
0:0:0:0:0:0:0:1%0 -  -  [12/May/2011:13:41:47 +0000] "GET /camel/services/1/1 HTTP/1.1" 500 0 
0:0:0:0:0:0:0:1%0 -  -  [12/May/2011:13:42:03 +0000] "GET /camel/services/1/helloworld HTTP/1.1" 500 0 
0:0:0:0:0:0:0:1%0 -  -  [12/May/2011:13:42:07 +0000] "GET /camel/services/1/helloworld/send HTTP/1.1" 500 0 
0:0:0:0:0:0:0:1%0 -  -  [12/May/2011:13:42:56 +0000] "GET /camel/services/1/helloworld/send HTTP/1.1" 200 7 
0:0:0:0:0:0:0:1%0 -  -  [12/May/2011:14:07:24 +0000] "GET /camel/services/1/helloworld/send HTTP/1.1" 200 7 
0:0:0:0:0:0:0:1%0 -  -  [12/May/2011:14:08:11 +0000] "GET /camel/services/1/helloworld/send HTTP/1.1" 404 1299 
0:0:0:0:0:0:0:1%0 -  -  [12/May/2011:14:08:23 +0000] "GET /camel/services/1/helloworld/send HTTP/1.1" 200 7 
